# JRE version: Java(TM) SE Runtime Environment (17.0.1+12) (build 17.0.1+12-LTS-39)
# Java VM: Java HotSpot(TM) 64-Bit Server VM (17.0.1+12-LTS-39, mixed mode, sharing, tiered, compressed oops, compressed class ptrs, g1 gc, windows-amd64)
GC Precious Log:
 CPUs: 4 total, 4 available
 Memory: 8109M
 Large Page Support: Disabled
 NUMA Support: Disabled
 Compressed Oops: Enabled (32-bit)
 Heap Region Size: 1M
 Heap Min Capacity: 8M
 Heap Initial Capacity: 8M
 Heap Max Capacity: 2028M
 Pre-touch: Disabled
 Parallel Workers: 4
 Concurrent Workers: 1
 Concurrent Refinement Workers: 4
 Periodic GC: Disabled
Heap:
 garbage-first heap   total 8192K, used 2605K [0x0000000081400000, 0x0000000100000000)
  region size 1024K, 2 young (2048K), 1 survivors (1024K)
 Metaspace       used 7849K, committed 8000K, reserved 1064960K
  class space    used 906K, committed 1024K, reserved 1048576K
GC Heap History (6 events):
Event: 0.254 GC heap before
{Heap before GC invocations=0 (full 0):
 garbage-first heap   total 8192K, used 3072K [0x0000000081400000, 0x0000000100000000)
  region size 1024K, 3 young (3072K), 0 survivors (0K)
 Metaspace       used 2653K, committed 2816K, reserved 1056768K
  class space    used 326K, committed 384K, reserved 1048576K
}
Event: 0.256 GC heap after
{Heap after GC invocations=1 (full 0):
 garbage-first heap   total 8192K, used 1332K [0x0000000081400000, 0x0000000100000000)
  region size 1024K, 1 young (1024K), 1 survivors (1024K)
 Metaspace       used 2653K, committed 2816K, reserved 1056768K
  class space    used 326K, committed 384K, reserved 1048576K
}
Event: 0.339 GC heap before
{Heap before GC invocations=1 (full 0):
 garbage-first heap   total 8192K, used 2356K [0x0000000081400000, 0x0000000100000000)
  region size 1024K, 2 young (2048K), 1 survivors (1024K)
 Metaspace       used 4951K, committed 5120K, reserved 1056768K
  class space    used 613K, committed 704K, reserved 1048576K
}
Event: 0.342 GC heap after
{Heap after GC invocations=2 (full 0):
 garbage-first heap   total 8192K, used 1970K [0x0000000081400000, 0x0000000100000000)
  region size 1024K, 1 young (1024K), 1 survivors (1024K)
 Metaspace       used 4951K, committed 5120K, reserved 1056768K
  class space    used 613K, committed 704K, reserved 1048576K
}
Event: 0.434 GC heap before
{Heap before GC invocations=2 (full 0):
 garbage-first heap   total 8192K, used 2994K [0x0000000081400000, 0x0000000100000000)
  region size 1024K, 2 young (2048K), 1 survivors (1024K)
 Metaspace       used 6500K, committed 6656K, reserved 1064960K
  class space    used 776K, committed 832K, reserved 1048576K
}
Event: 0.436 GC heap after
{Heap after GC invocations=3 (full 0):
 garbage-first heap   total 8192K, used 2366K [0x0000000081400000, 0x0000000100000000)
  region size 1024K, 1 young (1024K), 1 survivors (1024K)
 Metaspace       used 6500K, committed 6656K, reserved 1064960K
  class space    used 776K, committed 832K, reserved 1048576K
}

